{"/home/rene/Programming/FH/04Semester/CONINT_Praxis/Exercise03/src/index.js": {"path":"/home/rene/Programming/FH/04Semester/CONINT_Praxis/Exercise03/src/index.js","statementMap":{"0":{"start":{"line":3,"column":4},"end":{"line":3,"column":80}},"1":{"start":{"line":4,"column":27},"end":{"line":14,"column":13}},"2":{"start":{"line":9,"column":12},"end":{"line":9,"column":72}},"3":{"start":{"line":11,"column":12},"end":{"line":11,"column":81}},"4":{"start":{"line":12,"column":12},"end":{"line":12,"column":50}},"5":{"start":{"line":15,"column":4},"end":{"line":15,"column":26}},"6":{"start":{"line":19,"column":4},"end":{"line":21,"column":5}},"7":{"start":{"line":20,"column":8},"end":{"line":20,"column":21}},"8":{"start":{"line":22,"column":29},"end":{"line":25,"column":35}},"9":{"start":{"line":26,"column":4},"end":{"line":26,"column":28}},"10":{"start":{"line":30,"column":0},"end":{"line":30,"column":59}}},"fnMap":{"0":{"name":"generateStrongPassword","decl":{"start":{"line":1,"column":9},"end":{"line":1,"column":31}},"loc":{"start":{"line":1,"column":45},"end":{"line":16,"column":1}},"line":1},"1":{"name":"(anonymous_1)","decl":{"start":{"line":7,"column":8},"end":{"line":7,"column":9}},"loc":{"start":{"line":7,"column":14},"end":{"line":13,"column":9}},"line":7},"2":{"name":"isStrongPassword","decl":{"start":{"line":18,"column":9},"end":{"line":18,"column":25}},"loc":{"start":{"line":18,"column":36},"end":{"line":27,"column":1}},"line":18}},"branchMap":{"0":{"loc":{"start":{"line":1,"column":32},"end":{"line":1,"column":43}},"type":"default-arg","locations":[{"start":{"line":1,"column":41},"end":{"line":1,"column":43}}],"line":1},"1":{"loc":{"start":{"line":19,"column":4},"end":{"line":21,"column":5}},"type":"if","locations":[{"start":{"line":19,"column":4},"end":{"line":21,"column":5}},{"start":{},"end":{}}],"line":19},"2":{"loc":{"start":{"line":22,"column":29},"end":{"line":25,"column":35}},"type":"binary-expr","locations":[{"start":{"line":22,"column":29},"end":{"line":22,"column":51}},{"start":{"line":23,"column":4},"end":{"line":23,"column":26}},{"start":{"line":24,"column":4},"end":{"line":24,"column":23}},{"start":{"line":25,"column":4},"end":{"line":25,"column":35}}],"line":22}},"s":{"0":1,"1":1,"2":16,"3":16,"4":16,"5":1,"6":1,"7":0,"8":1,"9":1,"10":1},"f":{"0":1,"1":16,"2":1},"b":{"0":[0],"1":[0,1],"2":[1,1,1,1]},"_coverageSchema":"1a1c01bbd47fc00a2c39e90264f33305004495a9","hash":"cec839224d1bb65703613aec044ad1baccf75297"}
}
